2024-04-29T10:25:14.238Z error: Error getting: Code not matched to login
2024-04-29T11:09:44.647Z error: Error getting: Employee.isInvalidPassword is not a function
2024-04-29T11:10:09.623Z error: Error getting: jwt is not defined
2024-04-29T11:11:48.361Z error: Error getting: "expiresIn" should be a number of seconds or string representing a timespan eg: "1d", "20h", 60
2024-04-29T11:13:30.556Z error: Error getting: "expiresIn" should be a number of seconds or string representing a timespan eg: "1d", "20h", 60
2024-04-29T11:14:41.429Z error: Error getting: "expiresIn" should be a number of seconds or string representing a timespan eg: "1d", "20h", 60
2024-04-29T11:15:09.793Z error: Error getting: "expiresIn" should be a number of seconds or string representing a timespan eg: "1d", "20h", 60
2024-04-29T11:15:10.468Z error: Error getting: "expiresIn" should be a number of seconds or string representing a timespan eg: "1d", "20h", 60
2024-04-29T11:15:10.867Z error: Error getting: "expiresIn" should be a number of seconds or string representing a timespan eg: "1d", "20h", 60
2024-04-29T11:15:11.051Z error: Error getting: "expiresIn" should be a number of seconds or string representing a timespan eg: "1d", "20h", 60
2024-04-29T11:15:11.242Z error: Error getting: "expiresIn" should be a number of seconds or string representing a timespan eg: "1d", "20h", 60
2024-04-29T11:15:11.427Z error: Error getting: "expiresIn" should be a number of seconds or string representing a timespan eg: "1d", "20h", 60
2024-04-29T11:15:11.602Z error: Error getting: "expiresIn" should be a number of seconds or string representing a timespan eg: "1d", "20h", 60
2024-04-29T11:15:11.778Z error: Error getting: "expiresIn" should be a number of seconds or string representing a timespan eg: "1d", "20h", 60
2024-04-29T11:15:11.954Z error: Error getting: "expiresIn" should be a number of seconds or string representing a timespan eg: "1d", "20h", 60
2024-04-29T11:15:28.215Z error: Error getting: Cannot set headers after they are sent to the client
2024-04-29T11:15:55.373Z error: Error getting: Cannot set headers after they are sent to the client
2024-04-29T11:20:53.768Z error: Error getting: signAccessToken is not a function
2024-04-29T11:22:17.128Z error: Error getting: signAccessToken is not a function
2024-04-29T11:24:54.912Z error: Error getting: JWT is not defined
2024-04-29T11:25:36.630Z error: Error getting: Cannot set headers after they are sent to the client
2024-04-29T11:30:09.888Z error: Error getting: signAccessToken is not a function
2024-04-29T11:50:44.892Z error: Error getting: userId is not defined
2024-04-29T11:52:58.870Z error: Error getting: "audience" must be a string or array
2024-04-29T11:53:53.007Z error: Error getting: "audience" must be a string or array
2024-04-29T11:54:17.038Z error: Error getting: Cannot read properties of undefined (reading 'toString')
2024-04-30T05:47:36.690Z error: Error getting: krishnam.webosmotic@gmail.com is already existing in database.
2024-04-30T05:48:18.892Z error: Error getting: transport.sendRegisterMail is not a function
2024-04-30T05:51:01.762Z error: Error getting: krishnam.webosmotic@gmail.com is already existing in database.
2024-04-30T05:52:12.851Z error: Error getting: transport?.sendRegisterMail is not a function
2024-04-30T05:59:23.654Z info: Mail sent successfully...........................
2024-04-30T06:03:59.642Z error: Error getting: Employee.isInvalidPassword is not a function
2024-04-30T06:04:13.874Z error: Error getting: Employee.isInvalidPassword is not a function
2024-04-30T06:05:33.993Z error: Error getting: Employee.isInvalidPassword is not a function
2024-04-30T06:18:24.713Z info: MongoDb is connected.....
2024-04-30T06:18:26.177Z info: MongoDb is connected.....
2024-04-30T06:18:49.755Z info: MongoDb is connected.....
2024-04-30T06:19:16.546Z info: MongoDb is connected.....
2024-04-30T06:19:17.854Z info: MongoDb is connected.....
2024-04-30T06:53:42.366Z info: MongoDb is connected.....
2024-04-30T06:53:55.907Z info: MongoDb is connected.....
2024-04-30T06:54:01.405Z info: MongoDb is connected.....
2024-04-30T07:07:53.506Z error: Error getting: Cast to ObjectId failed for value "status=ACTIVE" (type string) at path "_id" for model "company"
2024-04-30T07:08:55.124Z info: MongoDb is connected.....
2024-04-30T07:10:18.160Z info: MongoDb is connected.....
2024-04-30T07:11:16.789Z info: MongoDb is connected.....
2024-04-30T07:11:32.578Z info: MongoDb is connected.....
2024-04-30T07:11:36.638Z info: MongoDb is connected.....
2024-04-30T07:13:46.528Z info: MongoDb is connected.....
2024-04-30T07:14:03.457Z info: MongoDb is connected.....
2024-04-30T07:14:28.642Z info: MongoDb is connected.....
2024-04-30T07:29:12.466Z info: MongoDb is connected.....
2024-04-30T07:30:57.767Z info: MongoDb is connected.....
2024-04-30T07:31:23.012Z info: MongoDb is connected.....
2024-04-30T07:31:30.763Z error: 500 - undefined - address is not defined - /companies - GET - ::ffff:127.0.0.1
2024-04-30T07:31:56.734Z info: MongoDb is connected.....
2024-04-30T07:34:24.742Z info: MongoDb is connected.....
2024-04-30T07:34:57.724Z info: MongoDb is connected.....
2024-04-30T07:35:01.047Z info: MongoDb is connected.....
2024-04-30T07:35:03.834Z info: MongoDb is connected.....
2024-04-30T07:35:06.079Z error: 500 - undefined - Aggregate has empty pipeline - /companies - GET - ::ffff:127.0.0.1
2024-04-30T07:41:34.181Z info: MongoDb is connected.....
2024-04-30T08:33:40.526Z info: MongoDb is connected.....
2024-04-30T08:33:57.945Z error: 500 - undefined - Product is not defined - /companies - GET - ::ffff:127.0.0.1
2024-04-30T08:34:12.269Z info: MongoDb is connected.....
2024-04-30T08:34:20.599Z info: MongoDb is connected.....
2024-04-30T08:36:39.375Z info: MongoDb is connected.....
2024-04-30T08:36:42.476Z info: MongoDb is connected.....
2024-04-30T08:51:26.837Z info: MongoDb is connected.....
2024-04-30T08:52:49.739Z info: MongoDb is connected.....
2024-04-30T08:53:19.375Z info: MongoDb is connected.....
2024-04-30T08:53:36.676Z info: MongoDb is connected.....
2024-04-30T08:53:39.669Z info: MongoDb is connected.....
2024-04-30T08:58:37.986Z info: MongoDb is connected.....
2024-04-30T08:58:56.500Z info: MongoDb is connected.....
2024-04-30T08:59:31.769Z info: MongoDb is connected.....
2024-04-30T08:59:38.651Z info: MongoDb is connected.....
2024-04-30T08:59:43.851Z info: MongoDb is connected.....
2024-04-30T08:59:47.027Z info: MongoDb is connected.....
2024-04-30T09:00:25.743Z error: Error getting: Company is not defined
2024-04-30T09:00:42.678Z info: MongoDb is connected.....
2024-04-30T09:00:44.249Z info: MongoDb is connected.....
2024-04-30T09:01:37.038Z info: MongoDb is connected.....
2024-04-30T09:01:40.549Z error: Error getting: Company is not defined
2024-04-30T09:01:53.541Z info: MongoDb is connected.....
2024-04-30T09:01:57.111Z info: MongoDb is connected.....
2024-04-30T09:02:23.432Z info: MongoDb is connected.....
2024-04-30T09:02:48.980Z info: MongoDb is connected.....
2024-04-30T09:02:50.085Z info: MongoDb is connected.....
2024-04-30T09:03:07.443Z info: MongoDb is connected.....
2024-04-30T09:03:40.373Z info: MongoDb is connected.....
2024-04-30T09:03:42.650Z error: Error getting: firstName is not defined
2024-04-30T09:03:45.322Z error: Error getting: firstName is not defined
2024-04-30T09:04:02.342Z info: MongoDb is connected.....
2024-04-30T09:04:03.501Z info: MongoDb is connected.....
2024-04-30T09:04:25.211Z info: MongoDb is connected.....
2024-04-30T09:04:46.039Z info: MongoDb is connected.....
2024-04-30T09:04:47.817Z info: MongoDb is connected.....
2024-04-30T09:05:00.736Z info: MongoDb is connected.....
2024-04-30T09:05:10.876Z info: MongoDb is connected.....
2024-04-30T09:05:14.569Z info: MongoDb is connected.....
2024-04-30T09:05:20.711Z info: MongoDb is connected.....
2024-04-30T09:06:08.636Z info: MongoDb is connected.....
2024-04-30T09:06:10.752Z info: MongoDb is connected.....
2024-04-30T09:06:21.060Z info: MongoDb is connected.....
2024-04-30T09:06:26.376Z info: MongoDb is connected.....
2024-04-30T09:06:49.434Z info: MongoDb is connected.....
2024-04-30T09:07:07.707Z info: MongoDb is connected.....
2024-04-30T09:10:49.959Z info: MongoDb is connected.....
2024-04-30T09:10:52.132Z info: MongoDb is connected.....
2024-04-30T09:11:52.462Z info: MongoDb is connected.....
2024-04-30T09:11:56.964Z info: MongoDb is connected.....
2024-04-30T09:12:00.241Z info: MongoDb is connected.....
2024-04-30T09:12:23.179Z info: MongoDb is connected.....
2024-04-30T09:12:58.327Z info: MongoDb is connected.....
2024-04-30T09:13:13.528Z info: MongoDb is connected.....
2024-04-30T09:13:16.062Z info: MongoDb is connected.....
2024-04-30T09:13:18.772Z info: MongoDb is connected.....
2024-04-30T09:14:38.770Z info: MongoDb is connected.....
2024-04-30T09:14:53.280Z error: Error getting: Aggregate has empty pipeline
2024-04-30T09:14:54.433Z error: Error getting: Aggregate has empty pipeline
2024-04-30T09:15:26.372Z info: MongoDb is connected.....
2024-04-30T09:15:30.953Z info: MongoDb is connected.....
2024-04-30T09:15:34.306Z info: MongoDb is connected.....
2024-04-30T09:15:47.911Z info: MongoDb is connected.....
2024-04-30T09:15:51.936Z info: MongoDb is connected.....
2024-04-30T09:16:00.863Z info: MongoDb is connected.....
2024-04-30T09:16:16.106Z info: MongoDb is connected.....
2024-04-30T09:16:19.852Z info: MongoDb is connected.....
2024-04-30T09:16:32.962Z info: MongoDb is connected.....
2024-04-30T09:17:27.600Z info: MongoDb is connected.....
2024-04-30T09:17:44.046Z info: MongoDb is connected.....
2024-04-30T09:17:52.776Z info: MongoDb is connected.....
2024-04-30T09:18:06.991Z info: MongoDb is connected.....
2024-04-30T09:18:22.123Z info: MongoDb is connected.....
2024-04-30T09:18:47.342Z info: MongoDb is connected.....
2024-04-30T09:18:49.479Z info: MongoDb is connected.....
2024-04-30T09:19:16.552Z error: Error getting: Aggregate has empty pipeline
2024-04-30T09:19:39.861Z info: MongoDb is connected.....
2024-04-30T09:19:43.179Z error: Error getting: Aggregate has empty pipeline
2024-04-30T09:19:49.316Z info: MongoDb is connected.....
2024-04-30T09:20:11.463Z info: MongoDb is connected.....
2024-04-30T09:20:13.507Z error: Error getting: Aggregate has empty pipeline
2024-04-30T09:20:47.916Z info: MongoDb is connected.....
2024-04-30T09:20:49.467Z error: Error getting: Aggregate has empty pipeline
2024-04-30T09:21:07.886Z info: MongoDb is connected.....
2024-04-30T09:21:12.035Z info: MongoDb is connected.....
2024-04-30T09:21:15.662Z info: MongoDb is connected.....
2024-04-30T09:21:23.564Z info: MongoDb is connected.....
2024-04-30T09:22:05.583Z info: MongoDb is connected.....
2024-04-30T09:24:14.026Z info: MongoDb is connected.....
2024-04-30T09:24:25.813Z info: MongoDb is connected.....
2024-04-30T09:24:28.462Z info: MongoDb is connected.....
2024-04-30T09:25:06.273Z info: MongoDb is connected.....
2024-04-30T09:25:41.646Z info: MongoDb is connected.....
2024-04-30T09:27:23.459Z info: MongoDb is connected.....
2024-04-30T09:27:26.717Z info: MongoDb is connected.....
2024-04-30T09:27:36.865Z info: MongoDb is connected.....
2024-04-30T09:37:51.326Z info: MongoDb is connected.....
2024-04-30T09:38:03.151Z info: MongoDb is connected.....
2024-04-30T09:38:06.844Z info: MongoDb is connected.....
2024-04-30T09:38:10.238Z info: MongoDb is connected.....
2024-04-30T12:31:14.740Z info: MongoDb is connected.....
2024-04-30T12:31:37.011Z info: MongoDb is connected.....
2024-04-30T12:31:39.249Z info: MongoDb is connected.....
2024-04-30T12:31:44.658Z info: MongoDb is connected.....
2024-04-30T12:48:14.614Z error: Error:connect ECONNREFUSED 127.0.0.1:27017
